97: top-1 accuracy 0.9580, top-3 accuracy 0.9746.

2021-03-13 12:56:51.518110: I tensorflow/stream_executor/platform/default/dso_loader.cc:44] Successfully opened dynamic library cudart64_101.dll
2021-03-13 12:56:55.460929: I tensorflow/stream_executor/platform/default/dso_loader.cc:44] Successfully opened dynamic library nvcuda.dll
2021-03-13 12:56:56.288202: I tensorflow/core/common_runtime/gpu/gpu_device.cc:1555] Found device 0 with properties: 
pciBusID: 0000:01:00.0 name: GeForce GTX 1050 computeCapability: 6.1
coreClock: 1.493GHz coreCount: 5 deviceMemorySize: 4.00GiB deviceMemoryBandwidth: 104.43GiB/s
2021-03-13 12:56:56.298377: I tensorflow/stream_executor/platform/default/dso_loader.cc:44] Successfully opened dynamic library cudart64_101.dll
2021-03-13 12:56:56.310121: I tensorflow/stream_executor/platform/default/dso_loader.cc:44] Successfully opened dynamic library cublas64_10.dll
2021-03-13 12:56:56.320559: I tensorflow/stream_executor/platform/default/dso_loader.cc:44] Successfully opened dynamic library cufft64_10.dll
2021-03-13 12:56:56.328840: I tensorflow/stream_executor/platform/default/dso_loader.cc:44] Successfully opened dynamic library curand64_10.dll
2021-03-13 12:56:56.338574: I tensorflow/stream_executor/platform/default/dso_loader.cc:44] Successfully opened dynamic library cusolver64_10.dll
2021-03-13 12:56:56.346258: I tensorflow/stream_executor/platform/default/dso_loader.cc:44] Successfully opened dynamic library cusparse64_10.dll
2021-03-13 12:56:56.367110: I tensorflow/stream_executor/platform/default/dso_loader.cc:44] Successfully opened dynamic library cudnn64_7.dll
2021-03-13 12:56:56.372579: I tensorflow/core/common_runtime/gpu/gpu_device.cc:1697] Adding visible gpu devices: 0
2021-03-13 12:56:56.376708: I tensorflow/core/platform/cpu_feature_guard.cc:142] Your CPU supports instructions that this TensorFlow binary was not compiled 
to use: AVX AVX2
2021-03-13 12:56:56.384249: I tensorflow/core/common_runtime/gpu/gpu_device.cc:1555] Found device 0 with properties: 
pciBusID: 0000:01:00.0 name: GeForce GTX 1050 computeCapability: 6.1
coreClock: 1.493GHz coreCount: 5 deviceMemorySize: 4.00GiB deviceMemoryBandwidth: 104.43GiB/s
2021-03-13 12:56:56.392972: I tensorflow/stream_executor/platform/default/dso_loader.cc:44] Successfully opened dynamic library cudart64_101.dll
2021-03-13 12:56:56.397236: I tensorflow/stream_executor/platform/default/dso_loader.cc:44] Successfully opened dynamic library cublas64_10.dll
2021-03-13 12:56:56.401042: I tensorflow/stream_executor/platform/default/dso_loader.cc:44] Successfully opened dynamic library cufft64_10.dll
2021-03-13 12:56:56.405565: I tensorflow/stream_executor/platform/default/dso_loader.cc:44] Successfully opened dynamic library curand64_10.dll
2021-03-13 12:56:56.410544: I tensorflow/stream_executor/platform/default/dso_loader.cc:44] Successfully opened dynamic library cusolver64_10.dll
2021-03-13 12:56:56.415408: I tensorflow/stream_executor/platform/default/dso_loader.cc:44] Successfully opened dynamic library cusparse64_10.dll
2021-03-13 12:56:56.419280: I tensorflow/stream_executor/platform/default/dso_loader.cc:44] Successfully opened dynamic library cudnn64_7.dll
2021-03-13 12:56:56.424196: I tensorflow/core/common_runtime/gpu/gpu_device.cc:1697] Adding visible gpu devices: 0
2021-03-13 12:56:56.926687: I tensorflow/core/common_runtime/gpu/gpu_device.cc:1096] Device interconnect StreamExecutor with strength 1 edge matrix:
2021-03-13 12:56:56.931682: I tensorflow/core/common_runtime/gpu/gpu_device.cc:1102]      0
2021-03-13 12:56:56.934574: I tensorflow/core/common_runtime/gpu/gpu_device.cc:1115] 0:   N 
2021-03-13 12:56:56.937852: I tensorflow/core/common_runtime/gpu/gpu_device.cc:1241] Created TensorFlow device (/job:localhost/replica:0/task:0/device:GPU:0 
with 2995 MB memory) -> physical GPU (device: 0, name: GeForce GTX 1050, pci bus id: 0000:01:00.0, compute capability: 6.1)
  0%|                                                                                                                               | 0/167 [00:00<?, ?it/s]2021-03-13 12:57:02.817922: I tensorflow/stream_executor/platform/default/dso_loader.cc:44] Successfully opened dynamic library cublas64_10.dll
2021-03-13 12:57:03.031108: I tensorflow/stream_executor/platform/default/dso_loader.cc:44] Successfully opened dynamic library cudnn64_7.dll
2021-03-13 12:57:03.730470: W tensorflow/stream_executor/gpu/redzone_allocator.cc:312] Internal: Invoking GPU asm compilation is supported on Cuda non-Windows platforms only
Relying on driver to perform ptx compilation. This message will be only logged once.
100%|████████████████████████████████████████████████████████████████████████████████████| 167/167 [00:36<00:00,  4.59it/s, loss: 4.3552, accurancy: 0.1562]
testing...
100%|█████████████████████████████████████████████████████████████████████████████████████████| 18/18 [00:03<00:00,  5.89it/s, ce: 3.7178, accuracy: 0.0926] 
accuracy 0.1410
Epoch 1/100
100%|████████████████████████████████████████████████████████████████████████████████████| 167/167 [00:34<00:00,  4.89it/s, loss: 4.1122, accurancy: 0.2344] 
testing...
100%|█████████████████████████████████████████████████████████████████████████████████████████| 18/18 [00:00<00:00, 19.70it/s, ce: 2.5422, accuracy: 0.4630] 
accuracy 0.1366
Epoch 2/100
100%|████████████████████████████████████████████████████████████████████████████████████| 167/167 [00:30<00:00,  5.51it/s, loss: 3.9658, accurancy: 0.2812] 
testing...
100%|█████████████████████████████████████████████████████████████████████████████████████████| 18/18 [00:00<00:00, 19.67it/s, ce: 3.4145, accuracy: 0.2407] 
accuracy 0.2452
Epoch 3/100
100%|████████████████████████████████████████████████████████████████████████████████████| 167/167 [00:30<00:00,  5.50it/s, loss: 3.4250, accurancy: 0.3906] 
testing...
100%|█████████████████████████████████████████████████████████████████████████████████████████| 18/18 [00:00<00:00, 19.02it/s, ce: 2.5515, accuracy: 0.4444] 
accuracy 0.3625
Epoch 4/100
100%|████████████████████████████████████████████████████████████████████████████████████| 167/167 [00:30<00:00,  5.51it/s, loss: 3.1975, accurancy: 0.3906] 
testing...
100%|█████████████████████████████████████████████████████████████████████████████████████████| 18/18 [00:00<00:00, 19.19it/s, ce: 2.1380, accuracy: 0.5556] 
accuracy 0.4168
Epoch 5/100
100%|████████████████████████████████████████████████████████████████████████████████████| 167/167 [00:30<00:00,  5.50it/s, loss: 3.1934, accurancy: 0.4531] 
testing...
100%|█████████████████████████████████████████████████████████████████████████████████████████| 18/18 [00:00<00:00, 19.63it/s, ce: 2.0964, accuracy: 0.6481]
accuracy 0.4431
Epoch 6/100
100%|████████████████████████████████████████████████████████████████████████████████████| 167/167 [00:30<00:00,  5.48it/s, loss: 2.8499, accurancy: 0.5469]
testing...
100%|█████████████████████████████████████████████████████████████████████████████████████████| 18/18 [00:00<00:00, 19.90it/s, ce: 1.6325, accuracy: 0.8148]
accuracy 0.4965
Epoch 7/100
100%|████████████████████████████████████████████████████████████████████████████████████| 167/167 [00:30<00:00,  5.48it/s, loss: 2.5358, accurancy: 0.6406]
testing...
100%|█████████████████████████████████████████████████████████████████████████████████████████| 18/18 [00:00<00:00, 19.94it/s, ce: 1.5330, accuracy: 0.7778] 
accuracy 0.5350
Epoch 8/100
100%|████████████████████████████████████████████████████████████████████████████████████| 167/167 [00:30<00:00,  5.49it/s, loss: 2.3980, accurancy: 0.7031] 
testing...
100%|█████████████████████████████████████████████████████████████████████████████████████████| 18/18 [00:00<00:00, 19.78it/s, ce: 1.6472, accuracy: 0.7778] 
accuracy 0.5876
Epoch 9/100
100%|████████████████████████████████████████████████████████████████████████████████████| 167/167 [00:30<00:00,  5.49it/s, loss: 2.4549, accurancy: 0.6406] 
testing...
100%|█████████████████████████████████████████████████████████████████████████████████████████| 18/18 [00:00<00:00, 19.36it/s, ce: 1.5123, accuracy: 0.8148] 
accuracy 0.5928
Epoch 10/100
100%|████████████████████████████████████████████████████████████████████████████████████| 167/167 [00:30<00:00,  5.50it/s, loss: 2.2116, accurancy: 0.7031] 
testing...
100%|█████████████████████████████████████████████████████████████████████████████████████████| 18/18 [00:00<00:00, 19.49it/s, ce: 1.5795, accuracy: 0.7778]
accuracy 0.6340
Epoch 11/100
100%|████████████████████████████████████████████████████████████████████████████████████| 167/167 [00:30<00:00,  5.51it/s, loss: 2.4074, accurancy: 0.7031]
testing...
100%|█████████████████████████████████████████████████████████████████████████████████████████| 18/18 [00:00<00:00, 19.31it/s, ce: 1.7191, accuracy: 0.6481]
accuracy 0.6147
Epoch 12/100
100%|████████████████████████████████████████████████████████████████████████████████████| 167/167 [00:30<00:00,  5.50it/s, loss: 2.3772, accurancy: 0.6875] 
testing...
100%|█████████████████████████████████████████████████████████████████████████████████████████| 18/18 [00:00<00:00, 20.10it/s, ce: 1.8270, accuracy: 0.7222] 
accuracy 0.6208
Epoch 13/100
100%|████████████████████████████████████████████████████████████████████████████████████| 167/167 [00:30<00:00,  5.51it/s, loss: 2.0802, accurancy: 0.7188] 
testing...
100%|█████████████████████████████████████████████████████████████████████████████████████████| 18/18 [00:00<00:00, 20.05it/s, ce: 1.5460, accuracy: 0.7593] 
accuracy 0.6926
Epoch 14/100
100%|████████████████████████████████████████████████████████████████████████████████████| 167/167 [00:30<00:00,  5.50it/s, loss: 2.2527, accurancy: 0.7500] 
testing...
100%|█████████████████████████████████████████████████████████████████████████████████████████| 18/18 [00:00<00:00, 19.20it/s, ce: 1.6134, accuracy: 0.7407] 
accuracy 0.7023
Epoch 15/100
100%|████████████████████████████████████████████████████████████████████████████████████| 167/167 [00:30<00:00,  5.50it/s, loss: 1.8694, accurancy: 0.8594] 
testing...
100%|█████████████████████████████████████████████████████████████████████████████████████████| 18/18 [00:00<00:00, 19.80it/s, ce: 1.5627, accuracy: 0.7963] 
accuracy 0.7671
Epoch 16/100
100%|████████████████████████████████████████████████████████████████████████████████████| 167/167 [00:30<00:00,  5.50it/s, loss: 1.9182, accurancy: 0.8281] 
testing...
100%|█████████████████████████████████████████████████████████████████████████████████████████| 18/18 [00:00<00:00, 20.01it/s, ce: 1.4680, accuracy: 0.7778] 
accuracy 0.7574
Epoch 17/100
100%|████████████████████████████████████████████████████████████████████████████████████| 167/167 [00:30<00:00,  5.50it/s, loss: 1.9260, accurancy: 0.8750] 
testing...
100%|█████████████████████████████████████████████████████████████████████████████████████████| 18/18 [00:00<00:00, 20.07it/s, ce: 1.3223, accuracy: 0.8704] 
accuracy 0.7811
Epoch 18/100
100%|████████████████████████████████████████████████████████████████████████████████████| 167/167 [00:30<00:00,  5.47it/s, loss: 1.7828, accurancy: 0.8594] 
testing...
100%|█████████████████████████████████████████████████████████████████████████████████████████| 18/18 [00:00<00:00, 19.47it/s, ce: 1.2488, accuracy: 0.9259] 
accuracy 0.7364
Epoch 19/100
100%|████████████████████████████████████████████████████████████████████████████████████| 167/167 [00:30<00:00,  5.49it/s, loss: 1.7684, accurancy: 0.8906] 
testing...
100%|█████████████████████████████████████████████████████████████████████████████████████████| 18/18 [00:00<00:00, 19.20it/s, ce: 1.0807, accuracy: 0.9630] 
accuracy 0.7916
Epoch 20/100
100%|████████████████████████████████████████████████████████████████████████████████████| 167/167 [00:30<00:00,  5.49it/s, loss: 1.8669, accurancy: 0.7812] 
testing...
100%|█████████████████████████████████████████████████████████████████████████████████████████| 18/18 [00:00<00:00, 19.38it/s, ce: 1.1975, accuracy: 0.9444] 
accuracy 0.8135
Epoch 21/100
100%|████████████████████████████████████████████████████████████████████████████████████| 167/167 [00:30<00:00,  5.49it/s, loss: 1.7725, accurancy: 0.8594] 
testing...
100%|█████████████████████████████████████████████████████████████████████████████████████████| 18/18 [00:00<00:00, 19.15it/s, ce: 1.1941, accuracy: 0.9074] 
accuracy 0.7942
Epoch 22/100
100%|████████████████████████████████████████████████████████████████████████████████████| 167/167 [00:30<00:00,  5.49it/s, loss: 1.7789, accurancy: 0.8594] 
testing...
100%|█████████████████████████████████████████████████████████████████████████████████████████| 18/18 [00:00<00:00, 19.39it/s, ce: 1.2077, accuracy: 0.8889] 
accuracy 0.8249
Epoch 23/100
100%|████████████████████████████████████████████████████████████████████████████████████| 167/167 [00:30<00:00,  5.49it/s, loss: 1.6982, accurancy: 0.8906] 
testing...
100%|█████████████████████████████████████████████████████████████████████████████████████████| 18/18 [00:00<00:00, 19.40it/s, ce: 1.1278, accuracy: 0.9630] 
accuracy 0.8389
Epoch 24/100
100%|████████████████████████████████████████████████████████████████████████████████████| 167/167 [00:30<00:00,  5.48it/s, loss: 1.6279, accurancy: 0.9375] 
testing...
100%|█████████████████████████████████████████████████████████████████████████████████████████| 18/18 [00:00<00:00, 19.38it/s, ce: 1.2222, accuracy: 0.9074] 
accuracy 0.8441
Epoch 25/100
100%|████████████████████████████████████████████████████████████████████████████████████| 167/167 [00:30<00:00,  5.49it/s, loss: 1.6327, accurancy: 0.9219] 
testing...
100%|█████████████████████████████████████████████████████████████████████████████████████████| 18/18 [00:00<00:00, 19.24it/s, ce: 1.1110, accuracy: 0.9444] 
accuracy 0.8292
Epoch 26/100
100%|████████████████████████████████████████████████████████████████████████████████████| 167/167 [00:30<00:00,  5.49it/s, loss: 1.5945, accurancy: 0.9375] 
testing...
100%|█████████████████████████████████████████████████████████████████████████████████████████| 18/18 [00:00<00:00, 18.99it/s, ce: 1.1337, accuracy: 0.9444] 
accuracy 0.8257
Epoch 27/100
100%|████████████████████████████████████████████████████████████████████████████████████| 167/167 [00:30<00:00,  5.49it/s, loss: 1.7161, accurancy: 0.8594] 
testing...
100%|█████████████████████████████████████████████████████████████████████████████████████████| 18/18 [00:00<00:00, 19.07it/s, ce: 1.3018, accuracy: 0.8333] 
accuracy 0.8100
Epoch 28/100
100%|████████████████████████████████████████████████████████████████████████████████████| 167/167 [00:30<00:00,  5.49it/s, loss: 1.6140, accurancy: 0.9062] 
testing...
100%|█████████████████████████████████████████████████████████████████████████████████████████| 18/18 [00:00<00:00, 19.03it/s, ce: 1.1670, accuracy: 0.9444] 
accuracy 0.8363
Epoch 29/100
100%|████████████████████████████████████████████████████████████████████████████████████| 167/167 [00:30<00:00,  5.43it/s, loss: 1.5281, accurancy: 0.9375] 
testing...
100%|█████████████████████████████████████████████████████████████████████████████████████████| 18/18 [00:00<00:00, 19.70it/s, ce: 1.1127, accuracy: 0.9444] 
accuracy 0.8616
Epoch 30/100
100%|████████████████████████████████████████████████████████████████████████████████████| 167/167 [00:31<00:00,  5.39it/s, loss: 1.4871, accurancy: 0.9531] 
testing...
100%|█████████████████████████████████████████████████████████████████████████████████████████| 18/18 [00:00<00:00, 19.82it/s, ce: 1.1430, accuracy: 0.9444] 
accuracy 0.8608
Epoch 31/100
100%|████████████████████████████████████████████████████████████████████████████████████| 167/167 [00:30<00:00,  5.50it/s, loss: 1.5242, accurancy: 0.9375] 
testing...
100%|█████████████████████████████████████████████████████████████████████████████████████████| 18/18 [00:00<00:00, 19.62it/s, ce: 1.0874, accuracy: 0.9630] 
accuracy 0.8608
Epoch 32/100
100%|████████████████████████████████████████████████████████████████████████████████████| 167/167 [00:30<00:00,  5.49it/s, loss: 1.5150, accurancy: 0.9531] 
testing...
100%|█████████████████████████████████████████████████████████████████████████████████████████| 18/18 [00:00<00:00, 19.49it/s, ce: 1.2059, accuracy: 0.8889] 
accuracy 0.8511
Epoch 33/100
100%|████████████████████████████████████████████████████████████████████████████████████| 167/167 [00:30<00:00,  5.50it/s, loss: 1.4708, accurancy: 0.9375] 
testing...
100%|█████████████████████████████████████████████████████████████████████████████████████████| 18/18 [00:00<00:00, 19.53it/s, ce: 1.1062, accuracy: 0.9444] 
accuracy 0.8590
Epoch 34/100
100%|████████████████████████████████████████████████████████████████████████████████████| 167/167 [00:30<00:00,  5.49it/s, loss: 1.4085, accurancy: 0.9688] 
testing...
100%|█████████████████████████████████████████████████████████████████████████████████████████| 18/18 [00:00<00:00, 18.98it/s, ce: 1.0459, accuracy: 0.9815] 
accuracy 0.8757
Epoch 35/100
100%|████████████████████████████████████████████████████████████████████████████████████| 167/167 [00:30<00:00,  5.49it/s, loss: 1.4966, accurancy: 0.9375] 
testing...
100%|█████████████████████████████████████████████████████████████████████████████████████████| 18/18 [00:00<00:00, 19.83it/s, ce: 1.0779, accuracy: 0.9630] 
accuracy 0.8722
Epoch 36/100
100%|████████████████████████████████████████████████████████████████████████████████████| 167/167 [00:30<00:00,  5.50it/s, loss: 1.5929, accurancy: 0.8594] 
testing...
100%|█████████████████████████████████████████████████████████████████████████████████████████| 18/18 [00:00<00:00, 19.60it/s, ce: 1.0236, accuracy: 0.9630] 
accuracy 0.8923
Epoch 37/100
100%|████████████████████████████████████████████████████████████████████████████████████| 167/167 [00:30<00:00,  5.50it/s, loss: 1.3926, accurancy: 0.9688] 
testing...
100%|█████████████████████████████████████████████████████████████████████████████████████████| 18/18 [00:00<00:00, 19.23it/s, ce: 1.0203, accuracy: 0.9815] 
accuracy 0.8949
Epoch 38/100
100%|████████████████████████████████████████████████████████████████████████████████████| 167/167 [00:30<00:00,  5.51it/s, loss: 1.3651, accurancy: 0.9688] 
testing...
100%|█████████████████████████████████████████████████████████████████████████████████████████| 18/18 [00:00<00:00, 18.76it/s, ce: 1.0271, accuracy: 0.9444] 
accuracy 0.8879
Epoch 39/100
100%|████████████████████████████████████████████████████████████████████████████████████| 167/167 [00:30<00:00,  5.51it/s, loss: 1.4573, accurancy: 0.9531] 
testing...
100%|█████████████████████████████████████████████████████████████████████████████████████████| 18/18 [00:00<00:00, 19.18it/s, ce: 1.0290, accuracy: 0.9630] 
accuracy 0.9098
Epoch 40/100
100%|████████████████████████████████████████████████████████████████████████████████████| 167/167 [00:30<00:00,  5.51it/s, loss: 1.3522, accurancy: 0.9531] 
testing...
100%|█████████████████████████████████████████████████████████████████████████████████████████| 18/18 [00:00<00:00, 19.26it/s, ce: 1.0852, accuracy: 0.9444] 
accuracy 0.8958
Epoch 41/100
100%|████████████████████████████████████████████████████████████████████████████████████| 167/167 [00:30<00:00,  5.51it/s, loss: 1.4738, accurancy: 0.9375] 
testing...
100%|█████████████████████████████████████████████████████████████████████████████████████████| 18/18 [00:00<00:00, 19.43it/s, ce: 1.0602, accuracy: 0.9444] 
accuracy 0.9019
Epoch 42/100
100%|████████████████████████████████████████████████████████████████████████████████████| 167/167 [00:30<00:00,  5.51it/s, loss: 1.3099, accurancy: 0.9844] 
testing...
100%|█████████████████████████████████████████████████████████████████████████████████████████| 18/18 [00:00<00:00, 19.44it/s, ce: 0.9723, accuracy: 0.9630] 
accuracy 0.8975
Epoch 43/100
100%|████████████████████████████████████████████████████████████████████████████████████| 167/167 [00:30<00:00,  5.51it/s, loss: 1.3218, accurancy: 0.9688] 
testing...
100%|█████████████████████████████████████████████████████████████████████████████████████████| 18/18 [00:00<00:00, 19.72it/s, ce: 1.0129, accuracy: 0.9630] 
accuracy 0.9168
Epoch 44/100
100%|████████████████████████████████████████████████████████████████████████████████████| 167/167 [00:30<00:00,  5.52it/s, loss: 1.3718, accurancy: 0.9531] 
testing...
100%|█████████████████████████████████████████████████████████████████████████████████████████| 18/18 [00:00<00:00, 18.92it/s, ce: 1.0007, accuracy: 0.9815] 
accuracy 0.9203
Epoch 45/100
100%|████████████████████████████████████████████████████████████████████████████████████| 167/167 [00:30<00:00,  5.52it/s, loss: 1.3191, accurancy: 0.9531] 
testing...
100%|█████████████████████████████████████████████████████████████████████████████████████████| 18/18 [00:00<00:00, 19.51it/s, ce: 1.0022, accuracy: 0.9630] 
accuracy 0.9308
Epoch 46/100
100%|████████████████████████████████████████████████████████████████████████████████████| 167/167 [00:30<00:00,  5.51it/s, loss: 1.2753, accurancy: 1.0000] 
testing...
100%|█████████████████████████████████████████████████████████████████████████████████████████| 18/18 [00:00<00:00, 19.32it/s, ce: 0.9957, accuracy: 0.9815] 
accuracy 0.9168
Epoch 47/100
100%|████████████████████████████████████████████████████████████████████████████████████| 167/167 [00:30<00:00,  5.51it/s, loss: 1.3482, accurancy: 0.9688] 
testing...
100%|█████████████████████████████████████████████████████████████████████████████████████████| 18/18 [00:00<00:00, 19.34it/s, ce: 1.0083, accuracy: 0.9815] 
accuracy 0.9264
Epoch 48/100
100%|████████████████████████████████████████████████████████████████████████████████████| 167/167 [00:30<00:00,  5.50it/s, loss: 1.2267, accurancy: 0.9844] 
testing...
100%|█████████████████████████████████████████████████████████████████████████████████████████| 18/18 [00:00<00:00, 19.36it/s, ce: 1.0612, accuracy: 0.9630] 
accuracy 0.9264
Epoch 49/100
100%|████████████████████████████████████████████████████████████████████████████████████| 167/167 [00:30<00:00,  5.51it/s, loss: 1.2889, accurancy: 0.9375] 
testing...
100%|█████████████████████████████████████████████████████████████████████████████████████████| 18/18 [00:00<00:00, 19.36it/s, ce: 1.0675, accuracy: 0.9630] 
accuracy 0.9256
Epoch 50/100
100%|████████████████████████████████████████████████████████████████████████████████████| 167/167 [00:30<00:00,  5.50it/s, loss: 1.2800, accurancy: 0.9688] 
testing...
100%|█████████████████████████████████████████████████████████████████████████████████████████| 18/18 [00:00<00:00, 19.45it/s, ce: 1.0158, accuracy: 0.9815] 
accuracy 0.9299
Epoch 51/100
100%|████████████████████████████████████████████████████████████████████████████████████| 167/167 [00:30<00:00,  5.51it/s, loss: 1.3108, accurancy: 0.9531] 
testing...
100%|█████████████████████████████████████████████████████████████████████████████████████████| 18/18 [00:00<00:00, 19.25it/s, ce: 1.0162, accuracy: 0.9630] 
accuracy 0.9308
Epoch 52/100
100%|████████████████████████████████████████████████████████████████████████████████████| 167/167 [00:30<00:00,  5.51it/s, loss: 1.2448, accurancy: 1.0000] 
testing...
100%|█████████████████████████████████████████████████████████████████████████████████████████| 18/18 [00:00<00:00, 19.59it/s, ce: 0.9568, accuracy: 0.9815] 
accuracy 0.9335
Epoch 53/100
100%|████████████████████████████████████████████████████████████████████████████████████| 167/167 [00:30<00:00,  5.50it/s, loss: 1.2407, accurancy: 0.9531] 
testing...
100%|█████████████████████████████████████████████████████████████████████████████████████████| 18/18 [00:00<00:00, 19.28it/s, ce: 1.0540, accuracy: 0.9259] 
accuracy 0.9335
Epoch 54/100
100%|████████████████████████████████████████████████████████████████████████████████████| 167/167 [00:30<00:00,  5.49it/s, loss: 1.2084, accurancy: 0.9844] 
testing...
100%|█████████████████████████████████████████████████████████████████████████████████████████| 18/18 [00:00<00:00, 19.41it/s, ce: 0.9787, accuracy: 0.9815] 
accuracy 0.9335
Epoch 55/100
100%|████████████████████████████████████████████████████████████████████████████████████| 167/167 [00:30<00:00,  5.51it/s, loss: 1.1683, accurancy: 1.0000] 
testing...
100%|█████████████████████████████████████████████████████████████████████████████████████████| 18/18 [00:00<00:00, 19.41it/s, ce: 0.9282, accuracy: 0.9815] 
accuracy 0.9422
Epoch 56/100
100%|████████████████████████████████████████████████████████████████████████████████████| 167/167 [00:30<00:00,  5.50it/s, loss: 1.1613, accurancy: 1.0000] 
testing...
100%|█████████████████████████████████████████████████████████████████████████████████████████| 18/18 [00:00<00:00, 19.36it/s, ce: 0.9381, accuracy: 0.9815] 
accuracy 0.9378
Epoch 57/100
100%|████████████████████████████████████████████████████████████████████████████████████| 167/167 [00:30<00:00,  5.51it/s, loss: 1.1965, accurancy: 0.9844] 
testing...
100%|█████████████████████████████████████████████████████████████████████████████████████████| 18/18 [00:00<00:00, 19.72it/s, ce: 0.9776, accuracy: 0.9815] 
accuracy 0.9422
Epoch 58/100
100%|████████████████████████████████████████████████████████████████████████████████████| 167/167 [00:30<00:00,  5.51it/s, loss: 1.1433, accurancy: 1.0000] 
testing...
100%|█████████████████████████████████████████████████████████████████████████████████████████| 18/18 [00:00<00:00, 20.08it/s, ce: 0.9583, accuracy: 0.9815] 
accuracy 0.9422
Epoch 59/100
100%|████████████████████████████████████████████████████████████████████████████████████| 167/167 [00:30<00:00,  5.51it/s, loss: 1.1863, accurancy: 0.9844] 
testing...
100%|█████████████████████████████████████████████████████████████████████████████████████████| 18/18 [00:00<00:00, 19.24it/s, ce: 0.9495, accuracy: 0.9815] 
accuracy 0.9448
Epoch 60/100
100%|████████████████████████████████████████████████████████████████████████████████████| 167/167 [00:30<00:00,  5.51it/s, loss: 1.1706, accurancy: 0.9531] 
testing...
100%|█████████████████████████████████████████████████████████████████████████████████████████| 18/18 [00:00<00:00, 19.14it/s, ce: 0.9183, accuracy: 0.9815] 
accuracy 0.9413
Epoch 61/100
100%|████████████████████████████████████████████████████████████████████████████████████| 167/167 [00:30<00:00,  5.50it/s, loss: 1.1426, accurancy: 0.9688] 
testing...
100%|█████████████████████████████████████████████████████████████████████████████████████████| 18/18 [00:00<00:00, 19.23it/s, ce: 0.9417, accuracy: 0.9815] 
accuracy 0.9422
Epoch 62/100
100%|████████████████████████████████████████████████████████████████████████████████████| 167/167 [00:30<00:00,  5.51it/s, loss: 1.1404, accurancy: 0.9844] 
testing...
100%|█████████████████████████████████████████████████████████████████████████████████████████| 18/18 [00:00<00:00, 19.45it/s, ce: 0.9394, accuracy: 0.9815] 
accuracy 0.9431
Epoch 63/100
100%|████████████████████████████████████████████████████████████████████████████████████| 167/167 [00:30<00:00,  5.51it/s, loss: 1.1538, accurancy: 1.0000] 
testing...
100%|█████████████████████████████████████████████████████████████████████████████████████████| 18/18 [00:00<00:00, 19.40it/s, ce: 0.9876, accuracy: 0.9815] 
accuracy 0.9483
Epoch 64/100
100%|████████████████████████████████████████████████████████████████████████████████████| 167/167 [00:30<00:00,  5.50it/s, loss: 1.1080, accurancy: 1.0000] 
testing...
100%|█████████████████████████████████████████████████████████████████████████████████████████| 18/18 [00:00<00:00, 19.35it/s, ce: 0.9451, accuracy: 0.9815] 
accuracy 0.9413
Epoch 65/100
100%|████████████████████████████████████████████████████████████████████████████████████| 167/167 [00:30<00:00,  5.51it/s, loss: 1.1360, accurancy: 1.0000] 
testing...
100%|█████████████████████████████████████████████████████████████████████████████████████████| 18/18 [00:00<00:00, 19.37it/s, ce: 0.9284, accuracy: 0.9815] 
accuracy 0.9475
Epoch 66/100
100%|████████████████████████████████████████████████████████████████████████████████████| 167/167 [00:30<00:00,  5.49it/s, loss: 1.0941, accurancy: 1.0000] 
testing...
100%|█████████████████████████████████████████████████████████████████████████████████████████| 18/18 [00:00<00:00, 19.47it/s, ce: 0.9249, accuracy: 0.9815] 
accuracy 0.9501
Epoch 67/100
100%|████████████████████████████████████████████████████████████████████████████████████| 167/167 [00:30<00:00,  5.51it/s, loss: 1.0945, accurancy: 1.0000] 
testing...
100%|█████████████████████████████████████████████████████████████████████████████████████████| 18/18 [00:00<00:00, 19.70it/s, ce: 0.9019, accuracy: 0.9815] 
accuracy 0.9501
Epoch 68/100
100%|████████████████████████████████████████████████████████████████████████████████████| 167/167 [00:30<00:00,  5.50it/s, loss: 1.0879, accurancy: 1.0000] 
testing...
100%|█████████████████████████████████████████████████████████████████████████████████████████| 18/18 [00:00<00:00, 19.22it/s, ce: 0.9196, accuracy: 0.9815] 
accuracy 0.9527
Epoch 69/100
100%|████████████████████████████████████████████████████████████████████████████████████| 167/167 [00:30<00:00,  5.50it/s, loss: 1.0881, accurancy: 1.0000] 
testing...
100%|█████████████████████████████████████████████████████████████████████████████████████████| 18/18 [00:00<00:00, 19.58it/s, ce: 0.9082, accuracy: 0.9815] 
accuracy 0.9492
Epoch 70/100
100%|████████████████████████████████████████████████████████████████████████████████████| 167/167 [00:30<00:00,  5.50it/s, loss: 1.0440, accurancy: 1.0000] 
testing...
100%|█████████████████████████████████████████████████████████████████████████████████████████| 18/18 [00:00<00:00, 19.30it/s, ce: 0.9036, accuracy: 0.9815] 
accuracy 0.9527
Epoch 71/100
100%|████████████████████████████████████████████████████████████████████████████████████| 167/167 [00:30<00:00,  5.50it/s, loss: 1.0535, accurancy: 1.0000] 
testing...
100%|█████████████████████████████████████████████████████████████████████████████████████████| 18/18 [00:00<00:00, 19.39it/s, ce: 0.9276, accuracy: 0.9815] 
accuracy 0.9492
Epoch 72/100
100%|████████████████████████████████████████████████████████████████████████████████████| 167/167 [00:30<00:00,  5.50it/s, loss: 1.0806, accurancy: 0.9844] 
testing...
100%|█████████████████████████████████████████████████████████████████████████████████████████| 18/18 [00:00<00:00, 19.58it/s, ce: 0.9119, accuracy: 0.9815] 
accuracy 0.9536
Epoch 73/100
100%|████████████████████████████████████████████████████████████████████████████████████| 167/167 [00:30<00:00,  5.51it/s, loss: 1.0283, accurancy: 1.0000] 
testing...
100%|█████████████████████████████████████████████████████████████████████████████████████████| 18/18 [00:00<00:00, 19.60it/s, ce: 0.8920, accuracy: 0.9815] 
accuracy 0.9510
Epoch 74/100
100%|████████████████████████████████████████████████████████████████████████████████████| 167/167 [00:30<00:00,  5.51it/s, loss: 1.0262, accurancy: 1.0000] 
testing...
100%|█████████████████████████████████████████████████████████████████████████████████████████| 18/18 [00:00<00:00, 19.34it/s, ce: 0.8990, accuracy: 0.9815] 
accuracy 0.9553
Epoch 75/100
100%|████████████████████████████████████████████████████████████████████████████████████| 167/167 [00:30<00:00,  5.50it/s, loss: 1.0285, accurancy: 1.0000] 
testing...
100%|█████████████████████████████████████████████████████████████████████████████████████████| 18/18 [00:00<00:00, 19.43it/s, ce: 0.9036, accuracy: 0.9815] 
accuracy 0.9518
Epoch 76/100
100%|████████████████████████████████████████████████████████████████████████████████████| 167/167 [00:30<00:00,  5.51it/s, loss: 1.0196, accurancy: 1.0000] 
testing...
100%|█████████████████████████████████████████████████████████████████████████████████████████| 18/18 [00:00<00:00, 19.53it/s, ce: 0.8876, accuracy: 0.9815] 
accuracy 0.9501
Epoch 77/100
100%|████████████████████████████████████████████████████████████████████████████████████| 167/167 [00:30<00:00,  5.50it/s, loss: 1.0180, accurancy: 1.0000] 
testing...
100%|█████████████████████████████████████████████████████████████████████████████████████████| 18/18 [00:00<00:00, 19.02it/s, ce: 0.9073, accuracy: 0.9815] 
accuracy 0.9518
Epoch 78/100
100%|████████████████████████████████████████████████████████████████████████████████████| 167/167 [00:30<00:00,  5.51it/s, loss: 1.0168, accurancy: 1.0000] 
testing...
100%|█████████████████████████████████████████████████████████████████████████████████████████| 18/18 [00:00<00:00, 19.60it/s, ce: 0.8893, accuracy: 0.9815] 
accuracy 0.9536
Epoch 79/100
100%|████████████████████████████████████████████████████████████████████████████████████| 167/167 [00:30<00:00,  5.51it/s, loss: 1.0124, accurancy: 1.0000] 
testing...
100%|█████████████████████████████████████████████████████████████████████████████████████████| 18/18 [00:00<00:00, 19.77it/s, ce: 0.8872, accuracy: 0.9815] 
accuracy 0.9510
Epoch 80/100
100%|████████████████████████████████████████████████████████████████████████████████████| 167/167 [00:30<00:00,  5.51it/s, loss: 1.0171, accurancy: 1.0000] 
testing...
100%|█████████████████████████████████████████████████████████████████████████████████████████| 18/18 [00:00<00:00, 20.31it/s, ce: 0.8809, accuracy: 0.9815] 
accuracy 0.9536
Epoch 81/100
100%|████████████████████████████████████████████████████████████████████████████████████| 167/167 [00:30<00:00,  5.50it/s, loss: 1.0003, accurancy: 1.0000] 
testing...
100%|█████████████████████████████████████████████████████████████████████████████████████████| 18/18 [00:00<00:00, 19.20it/s, ce: 0.8881, accuracy: 0.9815] 
accuracy 0.9527
Epoch 82/100
100%|████████████████████████████████████████████████████████████████████████████████████| 167/167 [00:30<00:00,  5.50it/s, loss: 1.0208, accurancy: 1.0000] 
testing...
100%|█████████████████████████████████████████████████████████████████████████████████████████| 18/18 [00:00<00:00, 18.96it/s, ce: 0.8938, accuracy: 0.9815] 
accuracy 0.9580
Epoch 83/100
100%|████████████████████████████████████████████████████████████████████████████████████| 167/167 [00:30<00:00,  5.51it/s, loss: 1.0062, accurancy: 1.0000] 
testing...
100%|█████████████████████████████████████████████████████████████████████████████████████████| 18/18 [00:00<00:00, 19.96it/s, ce: 0.8937, accuracy: 0.9815] 
accuracy 0.9553
Epoch 84/100
100%|████████████████████████████████████████████████████████████████████████████████████| 167/167 [00:30<00:00,  5.52it/s, loss: 1.0202, accurancy: 1.0000] 
testing...
100%|█████████████████████████████████████████████████████████████████████████████████████████| 18/18 [00:00<00:00, 20.17it/s, ce: 0.8895, accuracy: 0.9815] 
accuracy 0.9545
Epoch 85/100
100%|████████████████████████████████████████████████████████████████████████████████████| 167/167 [00:30<00:00,  5.51it/s, loss: 1.0054, accurancy: 1.0000] 
testing...
100%|█████████████████████████████████████████████████████████████████████████████████████████| 18/18 [00:00<00:00, 19.38it/s, ce: 0.8803, accuracy: 0.9815] 
accuracy 0.9527
Epoch 86/100
100%|████████████████████████████████████████████████████████████████████████████████████| 167/167 [00:30<00:00,  5.51it/s, loss: 1.0040, accurancy: 1.0000] 
testing...
100%|█████████████████████████████████████████████████████████████████████████████████████████| 18/18 [00:00<00:00, 20.28it/s, ce: 0.8910, accuracy: 0.9815] 
accuracy 0.9580
Epoch 87/100
100%|████████████████████████████████████████████████████████████████████████████████████| 167/167 [00:30<00:00,  5.50it/s, loss: 1.0204, accurancy: 1.0000] 
testing...
100%|█████████████████████████████████████████████████████████████████████████████████████████| 18/18 [00:00<00:00, 19.71it/s, ce: 0.8882, accuracy: 0.9815] 
accuracy 0.9553
Epoch 88/100
100%|████████████████████████████████████████████████████████████████████████████████████| 167/167 [00:30<00:00,  5.52it/s, loss: 1.0077, accurancy: 1.0000] 
testing...
100%|█████████████████████████████████████████████████████████████████████████████████████████| 18/18 [00:00<00:00, 19.66it/s, ce: 0.8946, accuracy: 0.9815] 
accuracy 0.9527
Epoch 89/100
100%|████████████████████████████████████████████████████████████████████████████████████| 167/167 [00:30<00:00,  5.52it/s, loss: 1.0111, accurancy: 1.0000] 
testing...
100%|█████████████████████████████████████████████████████████████████████████████████████████| 18/18 [00:00<00:00, 19.92it/s, ce: 0.8929, accuracy: 0.9815] 
accuracy 0.9545
Epoch 90/100
100%|████████████████████████████████████████████████████████████████████████████████████| 167/167 [00:30<00:00,  5.51it/s, loss: 1.0006, accurancy: 1.0000] 
testing...
100%|█████████████████████████████████████████████████████████████████████████████████████████| 18/18 [00:00<00:00, 19.90it/s, ce: 0.8904, accuracy: 0.9815] 
accuracy 0.9518
Epoch 91/100
100%|████████████████████████████████████████████████████████████████████████████████████| 167/167 [00:30<00:00,  5.50it/s, loss: 1.0462, accurancy: 0.9844] 
testing...
100%|█████████████████████████████████████████████████████████████████████████████████████████| 18/18 [00:00<00:00, 19.68it/s, ce: 0.8952, accuracy: 0.9815]
accuracy 0.9553
Epoch 92/100
100%|████████████████████████████████████████████████████████████████████████████████████| 167/167 [00:30<00:00,  5.52it/s, loss: 0.9963, accurancy: 1.0000] 
testing...
100%|█████████████████████████████████████████████████████████████████████████████████████████| 18/18 [00:00<00:00, 20.14it/s, ce: 0.8890, accuracy: 0.9815] 
accuracy 0.9580
Epoch 93/100
100%|████████████████████████████████████████████████████████████████████████████████████| 167/167 [00:30<00:00,  5.52it/s, loss: 1.0337, accurancy: 1.0000] 
testing...
100%|█████████████████████████████████████████████████████████████████████████████████████████| 18/18 [00:00<00:00, 19.26it/s, ce: 0.8977, accuracy: 0.9815] 
accuracy 0.9580
Epoch 94/100
100%|████████████████████████████████████████████████████████████████████████████████████| 167/167 [00:30<00:00,  5.51it/s, loss: 0.9942, accurancy: 1.0000] 
testing...
100%|█████████████████████████████████████████████████████████████████████████████████████████| 18/18 [00:00<00:00, 19.90it/s, ce: 0.8968, accuracy: 0.9815] 
accuracy 0.9562
Epoch 95/100
100%|████████████████████████████████████████████████████████████████████████████████████| 167/167 [00:30<00:00,  5.52it/s, loss: 0.9867, accurancy: 1.0000] 
testing...
100%|█████████████████████████████████████████████████████████████████████████████████████████| 18/18 [00:00<00:00, 19.32it/s, ce: 0.9007, accuracy: 0.9815] 
accuracy 0.9571
Epoch 96/100
100%|████████████████████████████████████████████████████████████████████████████████████| 167/167 [00:30<00:00,  5.50it/s, loss: 0.9981, accurancy: 1.0000] 
testing...
100%|█████████████████████████████████████████████████████████████████████████████████████████| 18/18 [00:00<00:00, 20.01it/s, ce: 0.8900, accuracy: 0.9815] 
accuracy 0.9571
Epoch 97/100
100%|████████████████████████████████████████████████████████████████████████████████████| 167/167 [00:30<00:00,  5.51it/s, loss: 0.9933, accurancy: 1.0000] 
testing...
100%|█████████████████████████████████████████████████████████████████████████████████████████| 18/18 [00:00<00:00, 19.95it/s, ce: 0.8921, accuracy: 0.9815] 
accuracy 0.9580
Epoch 98/100
100%|████████████████████████████████████████████████████████████████████████████████████| 167/167 [00:30<00:00,  5.51it/s, loss: 0.9965, accurancy: 1.0000] 
testing...
100%|█████████████████████████████████████████████████████████████████████████████████████████| 18/18 [00:00<00:00, 18.99it/s, ce: 0.8903, accuracy: 0.9815] 
accuracy 0.9553
Epoch 99/100
100%|████████████████████████████████████████████████████████████████████████████████████| 167/167 [00:30<00:00,  5.51it/s, loss: 1.0164, accurancy: 1.0000] 
testing...
100%|█████████████████████████████████████████████████████████████████████████████████████████| 18/18 [00:00<00:00, 20.14it/s, ce: 0.8867, accuracy: 0.9815] 
accuracy 0.9553
Epoch 100/100
100%|████████████████████████████████████████████████████████████████████████████████████| 167/167 [00:30<00:00,  5.51it/s, loss: 0.9966, accurancy: 1.0000] 
testing...
100%|█████████████████████████████████████████████████████████████████████████████████████████| 18/18 [00:00<00:00, 19.71it/s, ce: 0.8943, accuracy: 0.9815] 
accuracy 0.9562