2021-06-04 05:59:18.748180: I tensorflow/stream_executor/platform/default/dso_loader.cc:53] Successfully opened dynamic library libcudart.so.11.0
2021-06-04 05:59:19.925047: I tensorflow/stream_executor/platform/default/dso_loader.cc:53] Successfully opened dynamic library libcuda.so.1
2021-06-04 05:59:19.953460: I tensorflow/stream_executor/cuda/cuda_gpu_executor.cc:937] successful NUMA node read from SysFS had negative value (-1), but there must be at least one NUMA node, so returning NUMA node zero
2021-06-04 05:59:19.954072: I tensorflow/core/common_runtime/gpu/gpu_device.cc:1733] Found device 0 with properties: 
pciBusID: 0000:00:04.0 name: Tesla T4 computeCapability: 7.5
coreClock: 1.59GHz coreCount: 40 deviceMemorySize: 14.75GiB deviceMemoryBandwidth: 298.08GiB/s
2021-06-04 05:59:19.954116: I tensorflow/stream_executor/platform/default/dso_loader.cc:53] Successfully opened dynamic library libcudart.so.11.0
2021-06-04 05:59:19.956616: I tensorflow/stream_executor/platform/default/dso_loader.cc:53] Successfully opened dynamic library libcublas.so.11
2021-06-04 05:59:19.956690: I tensorflow/stream_executor/platform/default/dso_loader.cc:53] Successfully opened dynamic library libcublasLt.so.11
2021-06-04 05:59:19.958448: I tensorflow/stream_executor/platform/default/dso_loader.cc:53] Successfully opened dynamic library libcufft.so.10
2021-06-04 05:59:19.958823: I tensorflow/stream_executor/platform/default/dso_loader.cc:53] Successfully opened dynamic library libcurand.so.10
2021-06-04 05:59:19.960672: I tensorflow/stream_executor/platform/default/dso_loader.cc:53] Successfully opened dynamic library libcusolver.so.10
2021-06-04 05:59:19.961339: I tensorflow/stream_executor/platform/default/dso_loader.cc:53] Successfully opened dynamic library libcusparse.so.11
2021-06-04 05:59:19.961523: I tensorflow/stream_executor/platform/default/dso_loader.cc:53] Successfully opened dynamic library libcudnn.so.8
2021-06-04 05:59:19.961621: I tensorflow/stream_executor/cuda/cuda_gpu_executor.cc:937] successful NUMA node read from SysFS had negative value (-1), but there must be at least one NUMA node, so returning NUMA node zero
2021-06-04 05:59:19.962212: I tensorflow/stream_executor/cuda/cuda_gpu_executor.cc:937] successful NUMA node read from SysFS had negative value (-1), but there must be at least one NUMA node, so returning NUMA node zero
2021-06-04 05:59:19.962743: I tensorflow/core/common_runtime/gpu/gpu_device.cc:1871] Adding visible gpu devices: 0
2021-06-04 05:59:19.963236: I tensorflow/stream_executor/cuda/cuda_gpu_executor.cc:937] successful NUMA node read from SysFS had negative value (-1), but there must be at least one NUMA node, so returning NUMA node zero
2021-06-04 05:59:19.963802: I tensorflow/core/common_runtime/gpu/gpu_device.cc:1733] Found device 0 with properties: 
pciBusID: 0000:00:04.0 name: Tesla T4 computeCapability: 7.5
coreClock: 1.59GHz coreCount: 40 deviceMemorySize: 14.75GiB deviceMemoryBandwidth: 298.08GiB/s
2021-06-04 05:59:19.963876: I tensorflow/stream_executor/cuda/cuda_gpu_executor.cc:937] successful NUMA node read from SysFS had negative value (-1), but there must be at least one NUMA node, so returning NUMA node zero
2021-06-04 05:59:19.964431: I tensorflow/stream_executor/cuda/cuda_gpu_executor.cc:937] successful NUMA node read from SysFS had negative value (-1), but there must be at least one NUMA node, so returning NUMA node zero
2021-06-04 05:59:19.964951: I tensorflow/core/common_runtime/gpu/gpu_device.cc:1871] Adding visible gpu devices: 0
2021-06-04 05:59:19.965003: I tensorflow/stream_executor/platform/default/dso_loader.cc:53] Successfully opened dynamic library libcudart.so.11.0
2021-06-04 05:59:20.568269: I tensorflow/core/common_runtime/gpu/gpu_device.cc:1258] Device interconnect StreamExecutor with strength 1 edge matrix:
2021-06-04 05:59:20.568324: I tensorflow/core/common_runtime/gpu/gpu_device.cc:1264]      0 
2021-06-04 05:59:20.568344: I tensorflow/core/common_runtime/gpu/gpu_device.cc:1277] 0:   N 
2021-06-04 05:59:20.568518: I tensorflow/stream_executor/cuda/cuda_gpu_executor.cc:937] successful NUMA node read from SysFS had negative value (-1), but there must be at least one NUMA node, so returning NUMA node zero
2021-06-04 05:59:20.569163: I tensorflow/stream_executor/cuda/cuda_gpu_executor.cc:937] successful NUMA node read from SysFS had negative value (-1), but there must be at least one NUMA node, so returning NUMA node zero
2021-06-04 05:59:20.570010: I tensorflow/stream_executor/cuda/cuda_gpu_executor.cc:937] successful NUMA node read from SysFS had negative value (-1), but there must be at least one NUMA node, so returning NUMA node zero
2021-06-04 05:59:20.570661: W tensorflow/core/common_runtime/gpu/gpu_bfc_allocator.cc:39] Overriding allow_growth setting because the TF_FORCE_GPU_ALLOW_GROWTH environment variable is set. Original config value was 0.
2021-06-04 05:59:20.570719: I tensorflow/core/common_runtime/gpu/gpu_device.cc:1418] Created TensorFlow device (/job:localhost/replica:0/task:0/device:GPU:0 with 13837 MB memory) -> physical GPU (device: 0, name: Tesla T4, pci bus id: 0000:00:04.0, compute capability: 7.5)
2021-06-04 05:59:21.388726: I tensorflow/compiler/mlir/mlir_graph_optimization_pass.cc:176] None of the MLIR Optimization Passes are enabled (registered 2)
2021-06-04 05:59:21.389078: I tensorflow/core/platform/profile_utils/cpu_utils.cc:114] CPU Frequency: 2199995000 Hz
  0% 0/157 [00:00<?, ?it/s]2021-06-04 05:59:25.173520: I tensorflow/stream_executor/platform/default/dso_loader.cc:53] Successfully opened dynamic library libcudnn.so.8
2021-06-04 05:59:25.681370: I tensorflow/stream_executor/cuda/cuda_dnn.cc:359] Loaded cuDNN version 8004
2021-06-04 05:59:26.500932: I tensorflow/stream_executor/platform/default/dso_loader.cc:53] Successfully opened dynamic library libcublas.so.11
2021-06-04 05:59:26.970877: I tensorflow/stream_executor/platform/default/dso_loader.cc:53] Successfully opened dynamic library libcublasLt.so.11
100% 157/157 [00:24<00:00,  6.35it/s, loss: 4.3893, accurancy: 0.2812]
testing...
100% 41/41 [00:03<00:00, 13.56it/s, ce: 3.1605, accuracy: 0.3500]
accuracy 0.1333
Epoch 1/50
100% 157/157 [00:22<00:00,  6.99it/s, loss: 3.9724, accurancy: 0.3281]
testing...
100% 41/41 [00:01<00:00, 25.12it/s, ce: 1.4917, accuracy: 0.7500]
accuracy 0.2430
Epoch 2/50
100% 157/157 [00:19<00:00,  8.19it/s, loss: 3.5918, accurancy: 0.3125]
testing...
100% 41/41 [00:01<00:00, 25.57it/s, ce: 1.4359, accuracy: 0.8500]
accuracy 0.3620
Epoch 3/50
100% 157/157 [00:19<00:00,  8.05it/s, loss: 3.5203, accurancy: 0.3750]
testing...
100% 41/41 [00:01<00:00, 25.46it/s, ce: 1.2520, accuracy: 0.9500]
accuracy 0.4171
Epoch 4/50
100% 157/157 [00:19<00:00,  8.12it/s, loss: 3.3137, accurancy: 0.5469]
testing...
100% 41/41 [00:01<00:00, 24.50it/s, ce: 1.2156, accuracy: 0.8500]
accuracy 0.4213
Epoch 5/50
100% 157/157 [00:19<00:00,  8.19it/s, loss: 3.0986, accurancy: 0.5000]
testing...
100% 41/41 [00:01<00:00, 25.30it/s, ce: 1.3282, accuracy: 0.8000]
accuracy 0.5198
Epoch 6/50
100% 157/157 [00:19<00:00,  8.18it/s, loss: 3.1080, accurancy: 0.4844]
testing...
100% 41/41 [00:01<00:00, 25.20it/s, ce: 2.1804, accuracy: 0.5500]
accuracy 0.4694
Epoch 7/50
100% 157/157 [00:19<00:00,  8.14it/s, loss: 2.6638, accurancy: 0.7188]
testing...
100% 41/41 [00:01<00:00, 25.67it/s, ce: 1.1665, accuracy: 0.9500]
accuracy 0.5740
Epoch 8/50
100% 157/157 [00:19<00:00,  8.13it/s, loss: 2.4445, accurancy: 0.7344]
testing...
100% 41/41 [00:01<00:00, 25.01it/s, ce: 1.2128, accuracy: 0.9500]
accuracy 0.5624
Epoch 9/50
100% 157/157 [00:19<00:00,  8.13it/s, loss: 2.3751, accurancy: 0.7656]
testing...
100% 41/41 [00:01<00:00, 25.54it/s, ce: 1.2521, accuracy: 0.8500]
accuracy 0.6415
Epoch 10/50
100% 157/157 [00:19<00:00,  8.14it/s, loss: 2.2981, accurancy: 0.8125]
testing...
100% 41/41 [00:01<00:00, 25.38it/s, ce: 1.6630, accuracy: 0.7500]
accuracy 0.6566
Epoch 11/50
100% 157/157 [00:19<00:00,  8.13it/s, loss: 2.3668, accurancy: 0.7500]
testing...
100% 41/41 [00:01<00:00, 25.49it/s, ce: 1.1465, accuracy: 0.9500]
accuracy 0.6709
Epoch 12/50
100% 157/157 [00:19<00:00,  8.12it/s, loss: 2.4091, accurancy: 0.7344]
testing...
100% 41/41 [00:01<00:00, 25.19it/s, ce: 1.1885, accuracy: 0.9500]
accuracy 0.7240
Epoch 13/50
100% 157/157 [00:19<00:00,  8.13it/s, loss: 2.0095, accurancy: 0.8438]
testing...
100% 41/41 [00:01<00:00, 25.82it/s, ce: 1.4487, accuracy: 0.8500]
accuracy 0.7430
Epoch 14/50
100% 157/157 [00:19<00:00,  8.13it/s, loss: 2.1476, accurancy: 0.8281]
testing...
100% 41/41 [00:01<00:00, 25.30it/s, ce: 1.1318, accuracy: 0.9500]
accuracy 0.7624
Epoch 15/50
100% 157/157 [00:19<00:00,  8.12it/s, loss: 1.9378, accurancy: 0.8594]
testing...
100% 41/41 [00:01<00:00, 25.36it/s, ce: 1.0592, accuracy: 0.9500]
accuracy 0.7306
Epoch 16/50
100% 157/157 [00:19<00:00,  8.12it/s, loss: 1.9330, accurancy: 0.8438]
testing...
100% 41/41 [00:01<00:00, 24.86it/s, ce: 1.0279, accuracy: 1.0000]
accuracy 0.7787
Epoch 17/50
100% 157/157 [00:19<00:00,  8.13it/s, loss: 1.9330, accurancy: 0.8594]
testing...
100% 41/41 [00:01<00:00, 25.46it/s, ce: 1.2135, accuracy: 0.9500]
accuracy 0.7826
Epoch 18/50
100% 157/157 [00:19<00:00,  8.12it/s, loss: 1.8274, accurancy: 0.8750]
testing...
100% 41/41 [00:01<00:00, 25.28it/s, ce: 1.0710, accuracy: 0.9500]
accuracy 0.8012
Epoch 19/50
100% 157/157 [00:19<00:00,  8.15it/s, loss: 1.7544, accurancy: 0.8906]
testing...
100% 41/41 [00:01<00:00, 25.06it/s, ce: 1.0706, accuracy: 0.9500]
accuracy 0.7938
Epoch 20/50
100% 157/157 [00:19<00:00,  8.15it/s, loss: 1.6789, accurancy: 0.9062]
testing...
100% 41/41 [00:01<00:00, 25.11it/s, ce: 1.0938, accuracy: 0.9500]
accuracy 0.8124
Epoch 21/50
100% 157/157 [00:19<00:00,  8.15it/s, loss: 1.7073, accurancy: 0.9219]
testing...
100% 41/41 [00:01<00:00, 24.29it/s, ce: 1.2082, accuracy: 0.8500]
accuracy 0.8364
Epoch 22/50
100% 157/157 [00:19<00:00,  8.14it/s, loss: 1.6427, accurancy: 0.9062]
testing...
100% 41/41 [00:01<00:00, 25.40it/s, ce: 1.1647, accuracy: 0.8500]
accuracy 0.8302
Epoch 23/50
100% 157/157 [00:19<00:00,  8.15it/s, loss: 1.5732, accurancy: 0.9531]
testing...
100% 41/41 [00:01<00:00, 25.00it/s, ce: 0.9661, accuracy: 1.0000]
accuracy 0.8531
Epoch 24/50
100% 157/157 [00:19<00:00,  8.13it/s, loss: 1.5567, accurancy: 0.9531]
testing...
100% 41/41 [00:01<00:00, 25.25it/s, ce: 0.9753, accuracy: 0.9500]
accuracy 0.8628
Epoch 25/50
100% 157/157 [00:19<00:00,  8.13it/s, loss: 1.5952, accurancy: 0.9375]
testing...
100% 41/41 [00:01<00:00, 25.53it/s, ce: 0.9367, accuracy: 1.0000]
accuracy 0.8562
Epoch 26/50
100% 157/157 [00:19<00:00,  8.12it/s, loss: 1.5249, accurancy: 0.9531]
testing...
100% 41/41 [00:01<00:00, 25.45it/s, ce: 0.8910, accuracy: 1.0000]
accuracy 0.8733
Epoch 27/50
100% 157/157 [00:19<00:00,  8.14it/s, loss: 1.4167, accurancy: 1.0000]
testing...
100% 41/41 [00:01<00:00, 24.36it/s, ce: 0.9037, accuracy: 1.0000]
accuracy 0.8581
Epoch 28/50
100% 157/157 [00:19<00:00,  8.13it/s, loss: 1.4919, accurancy: 0.9531]
testing...
100% 41/41 [00:01<00:00, 25.62it/s, ce: 0.9178, accuracy: 1.0000]
accuracy 0.8818
Epoch 29/50
100% 157/157 [00:19<00:00,  8.15it/s, loss: 1.3773, accurancy: 1.0000]
testing...
100% 41/41 [00:01<00:00, 25.29it/s, ce: 0.8750, accuracy: 1.0000]
accuracy 0.8895
Epoch 30/50
100% 157/157 [00:19<00:00,  8.13it/s, loss: 1.3744, accurancy: 0.9688]
testing...
100% 41/41 [00:01<00:00, 25.02it/s, ce: 0.8425, accuracy: 1.0000]
accuracy 0.8922
Epoch 31/50
100% 157/157 [00:19<00:00,  8.12it/s, loss: 1.3890, accurancy: 0.9531]
testing...
100% 41/41 [00:01<00:00, 25.06it/s, ce: 0.8349, accuracy: 1.0000]
accuracy 0.8942
Epoch 32/50
100% 157/157 [00:19<00:00,  8.12it/s, loss: 1.3283, accurancy: 1.0000]
testing...
100% 41/41 [00:01<00:00, 25.10it/s, ce: 0.8346, accuracy: 1.0000]
accuracy 0.9058
Epoch 33/50
100% 157/157 [00:19<00:00,  8.14it/s, loss: 1.3228, accurancy: 1.0000]
testing...
100% 41/41 [00:01<00:00, 25.04it/s, ce: 0.8423, accuracy: 1.0000]
accuracy 0.9016
Epoch 34/50
100% 157/157 [00:19<00:00,  8.12it/s, loss: 1.3182, accurancy: 0.9844]
testing...
100% 41/41 [00:01<00:00, 25.50it/s, ce: 0.8342, accuracy: 1.0000]
accuracy 0.8984
Epoch 35/50
100% 157/157 [00:19<00:00,  8.12it/s, loss: 1.3031, accurancy: 1.0000]
testing...
100% 41/41 [00:01<00:00, 25.41it/s, ce: 0.8535, accuracy: 1.0000]
accuracy 0.9027
Epoch 36/50
100% 157/157 [00:19<00:00,  8.13it/s, loss: 1.3148, accurancy: 0.9844]
testing...
100% 41/41 [00:01<00:00, 25.41it/s, ce: 0.8462, accuracy: 1.0000]
accuracy 0.9089
Epoch 37/50
100% 157/157 [00:19<00:00,  8.12it/s, loss: 1.2629, accurancy: 1.0000]
testing...
100% 41/41 [00:01<00:00, 25.50it/s, ce: 0.8354, accuracy: 1.0000]
accuracy 0.9019
Epoch 38/50
100% 157/157 [00:19<00:00,  8.13it/s, loss: 1.2573, accurancy: 1.0000]
testing...
100% 41/41 [00:01<00:00, 25.47it/s, ce: 0.8253, accuracy: 1.0000]
accuracy 0.9004
Epoch 39/50
100% 157/157 [00:19<00:00,  8.11it/s, loss: 1.2563, accurancy: 1.0000]
testing...
100% 41/41 [00:01<00:00, 25.19it/s, ce: 0.8237, accuracy: 1.0000]
accuracy 0.9027
Epoch 40/50
100% 157/157 [00:19<00:00,  8.14it/s, loss: 1.2405, accurancy: 0.9844]
testing...
100% 41/41 [00:01<00:00, 24.40it/s, ce: 0.8210, accuracy: 1.0000]
accuracy 0.9050
Epoch 41/50
100% 157/157 [00:19<00:00,  8.15it/s, loss: 1.2598, accurancy: 1.0000]
testing...
100% 41/41 [00:01<00:00, 25.34it/s, ce: 0.8205, accuracy: 1.0000]
accuracy 0.9078
Epoch 42/50
100% 157/157 [00:19<00:00,  8.13it/s, loss: 1.2527, accurancy: 0.9844]
testing...
100% 41/41 [00:01<00:00, 24.79it/s, ce: 0.8166, accuracy: 1.0000]
accuracy 0.9054
Epoch 43/50
100% 157/157 [00:19<00:00,  8.13it/s, loss: 1.2157, accurancy: 1.0000]
testing...
100% 41/41 [00:01<00:00, 25.57it/s, ce: 0.8169, accuracy: 1.0000]
accuracy 0.9089
Epoch 44/50
100% 157/157 [00:19<00:00,  8.13it/s, loss: 1.2335, accurancy: 1.0000]
testing...
100% 41/41 [00:01<00:00, 25.06it/s, ce: 0.8150, accuracy: 1.0000]
accuracy 0.9112
Epoch 45/50
100% 157/157 [00:19<00:00,  8.11it/s, loss: 1.2948, accurancy: 0.9688]
testing...
100% 41/41 [00:01<00:00, 25.44it/s, ce: 0.8183, accuracy: 1.0000]
accuracy 0.9081
Epoch 46/50
100% 157/157 [00:19<00:00,  8.12it/s, loss: 1.2181, accurancy: 1.0000]
testing...
100% 41/41 [00:01<00:00, 24.96it/s, ce: 0.8172, accuracy: 1.0000]
accuracy 0.9085
Epoch 47/50
100% 157/157 [00:19<00:00,  8.13it/s, loss: 1.2351, accurancy: 0.9844]
testing...
100% 41/41 [00:01<00:00, 25.51it/s, ce: 0.8171, accuracy: 1.0000]
accuracy 0.9105
Epoch 48/50
100% 157/157 [00:19<00:00,  8.14it/s, loss: 1.2247, accurancy: 1.0000]
testing...
100% 41/41 [00:01<00:00, 25.01it/s, ce: 0.8175, accuracy: 1.0000]
accuracy 0.9097
Epoch 49/50
100% 157/157 [00:19<00:00,  8.13it/s, loss: 1.2327, accurancy: 1.0000]
testing...
100% 41/41 [00:01<00:00, 25.41it/s, ce: 0.8178, accuracy: 1.0000]
accuracy 0.9089
Epoch 50/50
100% 157/157 [00:19<00:00,  8.12it/s, loss: 1.2101, accurancy: 1.0000]
testing...
100% 41/41 [00:01<00:00, 25.19it/s, ce: 0.8180, accuracy: 1.0000]
accuracy 0.9109